2022-05-24 07:50:49,941 - INFO - Start running, host: liuliu@nonews, work_dir: /home/liuliu/mmdetection/work_dirs/pathological_segmentation/mask_rcnn_r50_fpn_1x
2022-05-24 07:50:49,941 - INFO - workflow: [('train', 1)], max: 24 epochs
2022-05-24 07:51:16,170 - INFO - Epoch [1][20/135]	lr: 0.00587, eta: 1:10:20, time: 1.311, data_time: 0.296, memory: 7230, loss_rpn_cls: 0.4944, loss_rpn_bbox: 0.0598, loss_cls: 0.1110, acc: 97.8906, loss_bbox: 0.0137, loss_mask: 0.6596, loss: 1.3386
2022-05-24 07:51:36,655 - INFO - Epoch [1][40/135]	lr: 0.00853, eta: 1:02:16, time: 1.025, data_time: 0.065, memory: 7230, loss_rpn_cls: 0.1151, loss_rpn_bbox: 0.1064, loss_cls: 0.0706, acc: 98.7988, loss_bbox: 0.0203, loss_mask: 0.5691, loss: 0.8816
2022-05-24 07:51:57,893 - INFO - Epoch [1][60/135]	lr: 0.01000, eta: 1:00:00, time: 1.061, data_time: 0.086, memory: 7230, loss_rpn_cls: 0.0460, loss_rpn_bbox: 0.0227, loss_cls: 0.0431, acc: 99.1211, loss_bbox: 0.0157, loss_mask: 0.5092, loss: 0.6369
2022-05-24 07:52:19,285 - INFO - Epoch [1][80/135]	lr: 0.01000, eta: 0:58:48, time: 1.070, data_time: 0.203, memory: 7230, loss_rpn_cls: 0.0606, loss_rpn_bbox: 0.0318, loss_cls: 0.0734, acc: 98.6426, loss_bbox: 0.0266, loss_mask: 0.5175, loss: 0.7098
2022-05-24 07:52:41,160 - INFO - Epoch [1][100/135]	lr: 0.01000, eta: 0:58:12, time: 1.094, data_time: 0.122, memory: 7230, loss_rpn_cls: 0.0438, loss_rpn_bbox: 0.0278, loss_cls: 0.0435, acc: 99.0918, loss_bbox: 0.0140, loss_mask: 0.5333, loss: 0.6624
2022-05-24 07:53:00,504 - INFO - Epoch [1][120/135]	lr: 0.01000, eta: 0:56:34, time: 0.967, data_time: 0.041, memory: 7230, loss_rpn_cls: 0.0501, loss_rpn_bbox: 0.0381, loss_cls: 0.0397, acc: 99.2285, loss_bbox: 0.0116, loss_mask: 0.5406, loss: 0.6801
2022-05-24 07:53:40,269 - INFO - Epoch [2][20/135]	lr: 0.01000, eta: 0:51:42, time: 1.266, data_time: 0.294, memory: 7230, loss_rpn_cls: 0.0371, loss_rpn_bbox: 0.0509, loss_cls: 0.0484, acc: 98.9648, loss_bbox: 0.0174, loss_mask: 0.5876, loss: 0.7414
2022-05-24 07:54:02,194 - INFO - Epoch [2][40/135]	lr: 0.01000, eta: 0:51:54, time: 1.097, data_time: 0.077, memory: 7230, loss_rpn_cls: 0.0457, loss_rpn_bbox: 0.0423, loss_cls: 0.0433, acc: 99.0527, loss_bbox: 0.0185, loss_mask: 0.5012, loss: 0.6511
2022-05-24 07:54:21,240 - INFO - Epoch [2][60/135]	lr: 0.01000, eta: 0:51:14, time: 0.952, data_time: 0.039, memory: 7230, loss_rpn_cls: 0.0434, loss_rpn_bbox: 0.0364, loss_cls: 0.0419, acc: 99.0820, loss_bbox: 0.0156, loss_mask: 0.5341, loss: 0.6712
2022-05-24 07:54:42,765 - INFO - Epoch [2][80/135]	lr: 0.01000, eta: 0:51:12, time: 1.076, data_time: 0.135, memory: 7230, loss_rpn_cls: 0.0411, loss_rpn_bbox: 0.0482, loss_cls: 0.0485, acc: 99.0527, loss_bbox: 0.0159, loss_mask: 0.4804, loss: 0.6341
2022-05-24 07:55:03,494 - INFO - Epoch [2][100/135]	lr: 0.01000, eta: 0:50:57, time: 1.036, data_time: 0.142, memory: 7231, loss_rpn_cls: 0.0337, loss_rpn_bbox: 0.0460, loss_cls: 0.0680, acc: 98.6230, loss_bbox: 0.0249, loss_mask: 0.5108, loss: 0.6834
2022-05-24 07:55:23,768 - INFO - Epoch [2][120/135]	lr: 0.01000, eta: 0:50:36, time: 1.014, data_time: 0.043, memory: 7231, loss_rpn_cls: 0.0385, loss_rpn_bbox: 0.0416, loss_cls: 0.0429, acc: 99.0527, loss_bbox: 0.0153, loss_mask: 0.5468, loss: 0.6850
2022-05-24 08:02:28,698 - INFO - Epoch [2][135/135]	lr: 0.01000, bbox_mAP: 0.0010, bbox_mAP_50: 0.0030, bbox_mAP_75: 0.0010, bbox_mAP_s: -1.0000, bbox_mAP_m: 0.0000, bbox_mAP_l: 0.0010, bbox_mAP_copypaste: 0.001 0.003 0.001 -1.000 0.000 0.001, segm_mAP: 0.0000, segm_mAP_50: 0.0000, segm_mAP_75: 0.0000, segm_mAP_s: -1.0000, segm_mAP_m: 0.0000, segm_mAP_l: 0.0000, segm_mAP_copypaste: 0.000 0.000 0.000 -1.000 0.000 0.000
2022-05-24 08:02:53,249 - INFO - Epoch [3][20/135]	lr: 0.01000, eta: 0:48:08, time: 1.227, data_time: 0.238, memory: 7231, loss_rpn_cls: 0.0447, loss_rpn_bbox: 0.0270, loss_cls: 0.0553, acc: 98.8574, loss_bbox: 0.0213, loss_mask: 0.4780, loss: 0.6263
2022-05-24 08:03:11,983 - INFO - Epoch [3][40/135]	lr: 0.01000, eta: 0:47:40, time: 0.937, data_time: 0.037, memory: 7231, loss_rpn_cls: 0.0259, loss_rpn_bbox: 0.0412, loss_cls: 0.0456, acc: 98.8867, loss_bbox: 0.0209, loss_mask: 0.3839, loss: 0.5175
2022-05-24 08:03:32,726 - INFO - Epoch [3][60/135]	lr: 0.01000, eta: 0:47:31, time: 1.037, data_time: 0.158, memory: 7231, loss_rpn_cls: 0.0410, loss_rpn_bbox: 0.0403, loss_cls: 0.0428, acc: 99.0918, loss_bbox: 0.0160, loss_mask: 0.4781, loss: 0.6182
2022-05-24 08:03:52,686 - INFO - Epoch [3][80/135]	lr: 0.01000, eta: 0:47:15, time: 0.998, data_time: 0.034, memory: 7231, loss_rpn_cls: 0.0328, loss_rpn_bbox: 0.0282, loss_cls: 0.0450, acc: 99.0430, loss_bbox: 0.0149, loss_mask: 0.4472, loss: 0.5680
2022-05-24 08:04:11,141 - INFO - Epoch [3][100/135]	lr: 0.01000, eta: 0:46:46, time: 0.923, data_time: 0.058, memory: 7231, loss_rpn_cls: 0.0471, loss_rpn_bbox: 0.0551, loss_cls: 0.0615, acc: 98.6035, loss_bbox: 0.0276, loss_mask: 0.3506, loss: 0.5419
2022-05-24 08:04:29,488 - INFO - Epoch [3][120/135]	lr: 0.01000, eta: 0:46:18, time: 0.917, data_time: 0.049, memory: 7231, loss_rpn_cls: 0.0478, loss_rpn_bbox: 0.0414, loss_cls: 0.0601, acc: 98.5840, loss_bbox: 0.0263, loss_mask: 0.3713, loss: 0.5470
2022-05-24 08:05:10,503 - INFO - Epoch [4][20/135]	lr: 0.01000, eta: 0:44:46, time: 1.275, data_time: 0.309, memory: 7231, loss_rpn_cls: 0.0359, loss_rpn_bbox: 0.0404, loss_cls: 0.0680, acc: 98.1836, loss_bbox: 0.0363, loss_mask: 0.3944, loss: 0.5750
2022-05-24 08:05:30,201 - INFO - Epoch [4][40/135]	lr: 0.01000, eta: 0:44:31, time: 0.985, data_time: 0.032, memory: 7231, loss_rpn_cls: 0.0348, loss_rpn_bbox: 0.0343, loss_cls: 0.0578, acc: 98.7305, loss_bbox: 0.0261, loss_mask: 0.3930, loss: 0.5461
2022-05-24 08:05:51,223 - INFO - Epoch [4][60/135]	lr: 0.01000, eta: 0:44:23, time: 1.051, data_time: 0.071, memory: 7231, loss_rpn_cls: 0.0355, loss_rpn_bbox: 0.0525, loss_cls: 0.0761, acc: 98.0469, loss_bbox: 0.0406, loss_mask: 0.3092, loss: 0.5139
2022-05-24 08:06:10,840 - INFO - Epoch [4][80/135]	lr: 0.01000, eta: 0:44:07, time: 0.981, data_time: 0.036, memory: 7231, loss_rpn_cls: 0.0346, loss_rpn_bbox: 0.0403, loss_cls: 0.0656, acc: 98.1348, loss_bbox: 0.0392, loss_mask: 0.3495, loss: 0.5293
2022-05-24 08:06:32,082 - INFO - Epoch [4][100/135]	lr: 0.01000, eta: 0:43:58, time: 1.062, data_time: 0.066, memory: 7231, loss_rpn_cls: 0.0270, loss_rpn_bbox: 0.0450, loss_cls: 0.0805, acc: 97.6660, loss_bbox: 0.0519, loss_mask: 0.2650, loss: 0.4693
2022-05-24 08:06:52,049 - INFO - Epoch [4][120/135]	lr: 0.01000, eta: 0:43:43, time: 0.998, data_time: 0.038, memory: 7231, loss_rpn_cls: 0.0207, loss_rpn_bbox: 0.0286, loss_cls: 0.0786, acc: 97.7148, loss_bbox: 0.0528, loss_mask: 0.2993, loss: 0.4800
2022-05-24 08:12:15,313 - INFO - Epoch [4][135/135]	lr: 0.01000, bbox_mAP: 0.0090, bbox_mAP_50: 0.0430, bbox_mAP_75: 0.0010, bbox_mAP_s: -1.0000, bbox_mAP_m: 0.0000, bbox_mAP_l: 0.0100, bbox_mAP_copypaste: 0.009 0.043 0.001 -1.000 0.000 0.010, segm_mAP: 0.0130, segm_mAP_50: 0.0590, segm_mAP_75: 0.0000, segm_mAP_s: -1.0000, segm_mAP_m: 0.0000, segm_mAP_l: 0.0140, segm_mAP_copypaste: 0.013 0.059 0.000 -1.000 0.000 0.014
2022-05-24 08:12:39,392 - INFO - Epoch [5][20/135]	lr: 0.01000, eta: 0:42:22, time: 1.203, data_time: 0.240, memory: 7231, loss_rpn_cls: 0.0179, loss_rpn_bbox: 0.0325, loss_cls: 0.0796, acc: 97.7344, loss_bbox: 0.0524, loss_mask: 0.2448, loss: 0.4273
2022-05-24 08:12:59,493 - INFO - Epoch [5][40/135]	lr: 0.01000, eta: 0:42:08, time: 1.005, data_time: 0.072, memory: 7231, loss_rpn_cls: 0.0241, loss_rpn_bbox: 0.0398, loss_cls: 0.0642, acc: 98.0566, loss_bbox: 0.0382, loss_mask: 0.2685, loss: 0.4347
2022-05-24 08:13:19,458 - INFO - Epoch [5][60/135]	lr: 0.01000, eta: 0:41:53, time: 0.998, data_time: 0.048, memory: 7231, loss_rpn_cls: 0.0319, loss_rpn_bbox: 0.0458, loss_cls: 0.0957, acc: 97.1777, loss_bbox: 0.0555, loss_mask: 0.3004, loss: 0.5294
2022-05-24 08:13:39,731 - INFO - Epoch [5][80/135]	lr: 0.01000, eta: 0:41:40, time: 1.014, data_time: 0.081, memory: 7231, loss_rpn_cls: 0.0419, loss_rpn_bbox: 0.0631, loss_cls: 0.0910, acc: 97.5781, loss_bbox: 0.0516, loss_mask: 0.3298, loss: 0.5773
2022-05-24 08:13:59,526 - INFO - Epoch [5][100/135]	lr: 0.01000, eta: 0:41:23, time: 0.990, data_time: 0.120, memory: 7231, loss_rpn_cls: 0.0211, loss_rpn_bbox: 0.0353, loss_cls: 0.0722, acc: 97.6855, loss_bbox: 0.0511, loss_mask: 0.2784, loss: 0.4581
2022-05-24 08:14:19,245 - INFO - Epoch [5][120/135]	lr: 0.01000, eta: 0:41:07, time: 0.986, data_time: 0.037, memory: 7231, loss_rpn_cls: 0.0230, loss_rpn_bbox: 0.0297, loss_cls: 0.0549, acc: 98.5840, loss_bbox: 0.0279, loss_mask: 0.2443, loss: 0.3798
2022-05-24 08:14:59,124 - INFO - Epoch [6][20/135]	lr: 0.01000, eta: 0:40:01, time: 1.230, data_time: 0.201, memory: 7231, loss_rpn_cls: 0.0253, loss_rpn_bbox: 0.0338, loss_cls: 0.0802, acc: 97.2754, loss_bbox: 0.0609, loss_mask: 0.2016, loss: 0.4018
2022-05-24 08:15:18,556 - INFO - Epoch [6][40/135]	lr: 0.01000, eta: 0:39:44, time: 0.972, data_time: 0.050, memory: 7231, loss_rpn_cls: 0.0197, loss_rpn_bbox: 0.0382, loss_cls: 0.0719, acc: 97.8711, loss_bbox: 0.0507, loss_mask: 0.2465, loss: 0.4270
2022-05-24 08:15:39,672 - INFO - Epoch [6][60/135]	lr: 0.01000, eta: 0:39:33, time: 1.056, data_time: 0.049, memory: 7231, loss_rpn_cls: 0.0253, loss_rpn_bbox: 0.0526, loss_cls: 0.0777, acc: 97.4707, loss_bbox: 0.0638, loss_mask: 0.2048, loss: 0.4243
2022-05-24 08:16:00,756 - INFO - Epoch [6][80/135]	lr: 0.01000, eta: 0:39:21, time: 1.054, data_time: 0.050, memory: 7231, loss_rpn_cls: 0.0419, loss_rpn_bbox: 0.0392, loss_cls: 0.0987, acc: 97.0605, loss_bbox: 0.0591, loss_mask: 0.3367, loss: 0.5755
2022-05-24 08:16:20,083 - INFO - Epoch [6][100/135]	lr: 0.01000, eta: 0:39:03, time: 0.967, data_time: 0.042, memory: 7231, loss_rpn_cls: 0.0201, loss_rpn_bbox: 0.0227, loss_cls: 0.0502, acc: 98.6914, loss_bbox: 0.0279, loss_mask: 0.2742, loss: 0.3952
2022-05-24 08:16:40,612 - INFO - Epoch [6][120/135]	lr: 0.01000, eta: 0:38:48, time: 1.027, data_time: 0.115, memory: 7231, loss_rpn_cls: 0.0233, loss_rpn_bbox: 0.0297, loss_cls: 0.0852, acc: 97.1973, loss_bbox: 0.0569, loss_mask: 0.2358, loss: 0.4308
2022-05-24 08:22:23,997 - INFO - Epoch [6][135/135]	lr: 0.01000, bbox_mAP: 0.0180, bbox_mAP_50: 0.0760, bbox_mAP_75: 0.0010, bbox_mAP_s: -1.0000, bbox_mAP_m: 0.0000, bbox_mAP_l: 0.0200, bbox_mAP_copypaste: 0.018 0.076 0.001 -1.000 0.000 0.020, segm_mAP: 0.0180, segm_mAP_50: 0.0780, segm_mAP_75: 0.0010, segm_mAP_s: -1.0000, segm_mAP_m: 0.0020, segm_mAP_l: 0.0200, segm_mAP_copypaste: 0.018 0.078 0.001 -1.000 0.002 0.020
2022-05-24 08:22:48,321 - INFO - Epoch [7][20/135]	lr: 0.01000, eta: 0:37:49, time: 1.215, data_time: 0.232, memory: 7231, loss_rpn_cls: 0.0256, loss_rpn_bbox: 0.0322, loss_cls: 0.0664, acc: 97.9785, loss_bbox: 0.0370, loss_mask: 0.2246, loss: 0.3857
2022-05-24 08:23:08,026 - INFO - Epoch [7][40/135]	lr: 0.01000, eta: 0:37:32, time: 0.985, data_time: 0.054, memory: 7231, loss_rpn_cls: 0.0284, loss_rpn_bbox: 0.0557, loss_cls: 0.0793, acc: 97.3438, loss_bbox: 0.0619, loss_mask: 0.2544, loss: 0.4798
2022-05-24 08:23:28,863 - INFO - Epoch [7][60/135]	lr: 0.01000, eta: 0:37:19, time: 1.042, data_time: 0.047, memory: 7231, loss_rpn_cls: 0.0233, loss_rpn_bbox: 0.0257, loss_cls: 0.0814, acc: 97.1191, loss_bbox: 0.0640, loss_mask: 0.2248, loss: 0.4191
2022-05-24 08:23:48,577 - INFO - Epoch [7][80/135]	lr: 0.01000, eta: 0:37:02, time: 0.985, data_time: 0.043, memory: 7231, loss_rpn_cls: 0.0362, loss_rpn_bbox: 0.0357, loss_cls: 0.0792, acc: 97.2754, loss_bbox: 0.0581, loss_mask: 0.1677, loss: 0.3770
2022-05-24 08:24:11,088 - INFO - Epoch [7][100/135]	lr: 0.01000, eta: 0:36:53, time: 1.126, data_time: 0.170, memory: 7231, loss_rpn_cls: 0.0189, loss_rpn_bbox: 0.0329, loss_cls: 0.0710, acc: 97.4609, loss_bbox: 0.0460, loss_mask: 0.1826, loss: 0.3515
2022-05-24 08:24:30,640 - INFO - Epoch [7][120/135]	lr: 0.01000, eta: 0:36:35, time: 0.978, data_time: 0.051, memory: 7231, loss_rpn_cls: 0.0286, loss_rpn_bbox: 0.0458, loss_cls: 0.0768, acc: 97.4219, loss_bbox: 0.0451, loss_mask: 0.2586, loss: 0.4548
2022-05-24 08:25:10,602 - INFO - Epoch [8][20/135]	lr: 0.01000, eta: 0:35:42, time: 1.248, data_time: 0.199, memory: 7231, loss_rpn_cls: 0.0211, loss_rpn_bbox: 0.0401, loss_cls: 0.0929, acc: 96.6211, loss_bbox: 0.0719, loss_mask: 0.2005, loss: 0.4265
2022-05-24 08:25:29,795 - INFO - Epoch [8][40/135]	lr: 0.01000, eta: 0:35:24, time: 0.960, data_time: 0.094, memory: 7231, loss_rpn_cls: 0.0219, loss_rpn_bbox: 0.0418, loss_cls: 0.0643, acc: 97.8613, loss_bbox: 0.0405, loss_mask: 0.1973, loss: 0.3658
2022-05-24 08:25:50,154 - INFO - Epoch [8][60/135]	lr: 0.01000, eta: 0:35:09, time: 1.018, data_time: 0.096, memory: 7231, loss_rpn_cls: 0.0196, loss_rpn_bbox: 0.0470, loss_cls: 0.0657, acc: 97.9004, loss_bbox: 0.0416, loss_mask: 0.2411, loss: 0.4149
2022-05-24 08:26:10,843 - INFO - Epoch [8][80/135]	lr: 0.01000, eta: 0:34:54, time: 1.035, data_time: 0.043, memory: 7231, loss_rpn_cls: 0.0212, loss_rpn_bbox: 0.0368, loss_cls: 0.0725, acc: 97.5488, loss_bbox: 0.0516, loss_mask: 0.1739, loss: 0.3561
2022-05-24 08:26:32,087 - INFO - Epoch [8][100/135]	lr: 0.01000, eta: 0:34:40, time: 1.062, data_time: 0.054, memory: 7231, loss_rpn_cls: 0.0213, loss_rpn_bbox: 0.0343, loss_cls: 0.0810, acc: 97.0996, loss_bbox: 0.0548, loss_mask: 0.1926, loss: 0.3840
2022-05-24 08:26:50,878 - INFO - Epoch [8][120/135]	lr: 0.01000, eta: 0:34:20, time: 0.939, data_time: 0.052, memory: 7231, loss_rpn_cls: 0.0202, loss_rpn_bbox: 0.0377, loss_cls: 0.0862, acc: 97.0215, loss_bbox: 0.0588, loss_mask: 0.2023, loss: 0.4052
2022-05-24 08:31:21,514 - INFO - Epoch [8][135/135]	lr: 0.01000, bbox_mAP: 0.0510, bbox_mAP_50: 0.1720, bbox_mAP_75: 0.0160, bbox_mAP_s: -1.0000, bbox_mAP_m: 0.0000, bbox_mAP_l: 0.0550, bbox_mAP_copypaste: 0.051 0.172 0.016 -1.000 0.000 0.055, segm_mAP: 0.0510, segm_mAP_50: 0.1710, segm_mAP_75: 0.0140, segm_mAP_s: -1.0000, segm_mAP_m: 0.0150, segm_mAP_l: 0.0600, segm_mAP_copypaste: 0.051 0.171 0.014 -1.000 0.015 0.060
2022-05-24 08:31:46,193 - INFO - Epoch [9][20/135]	lr: 0.01000, eta: 0:33:31, time: 1.233, data_time: 0.180, memory: 7231, loss_rpn_cls: 0.0158, loss_rpn_bbox: 0.0222, loss_cls: 0.0720, acc: 97.1191, loss_bbox: 0.0514, loss_mask: 0.1460, loss: 0.3073
2022-05-24 08:32:07,232 - INFO - Epoch [9][40/135]	lr: 0.01000, eta: 0:33:16, time: 1.052, data_time: 0.078, memory: 7231, loss_rpn_cls: 0.0211, loss_rpn_bbox: 0.0425, loss_cls: 0.0942, acc: 96.5430, loss_bbox: 0.0710, loss_mask: 0.1733, loss: 0.4021
2022-05-24 08:32:27,568 - INFO - Epoch [9][60/135]	lr: 0.01000, eta: 0:33:00, time: 1.017, data_time: 0.038, memory: 7231, loss_rpn_cls: 0.0246, loss_rpn_bbox: 0.0404, loss_cls: 0.0660, acc: 97.7441, loss_bbox: 0.0471, loss_mask: 0.2274, loss: 0.4056
2022-05-24 08:32:46,514 - INFO - Epoch [9][80/135]	lr: 0.01000, eta: 0:32:41, time: 0.947, data_time: 0.033, memory: 7231, loss_rpn_cls: 0.0133, loss_rpn_bbox: 0.0158, loss_cls: 0.0676, acc: 97.8613, loss_bbox: 0.0385, loss_mask: 0.2075, loss: 0.3427
2022-05-24 08:33:07,017 - INFO - Epoch [9][100/135]	lr: 0.01000, eta: 0:32:25, time: 1.025, data_time: 0.064, memory: 7231, loss_rpn_cls: 0.0276, loss_rpn_bbox: 0.0446, loss_cls: 0.0867, acc: 96.8457, loss_bbox: 0.0602, loss_mask: 0.2191, loss: 0.4383
2022-05-24 08:33:28,490 - INFO - Epoch [9][120/135]	lr: 0.01000, eta: 0:32:11, time: 1.074, data_time: 0.050, memory: 7231, loss_rpn_cls: 0.0199, loss_rpn_bbox: 0.0367, loss_cls: 0.0736, acc: 97.1875, loss_bbox: 0.0546, loss_mask: 0.1376, loss: 0.3224
2022-05-24 08:34:09,694 - INFO - Epoch [10][20/135]	lr: 0.01000, eta: 0:31:25, time: 1.253, data_time: 0.227, memory: 7231, loss_rpn_cls: 0.0206, loss_rpn_bbox: 0.0429, loss_cls: 0.1050, acc: 95.9961, loss_bbox: 0.0784, loss_mask: 0.2050, loss: 0.4519
2022-05-24 08:34:30,315 - INFO - Epoch [10][40/135]	lr: 0.01000, eta: 0:31:09, time: 1.031, data_time: 0.122, memory: 7231, loss_rpn_cls: 0.0189, loss_rpn_bbox: 0.0338, loss_cls: 0.0697, acc: 97.3047, loss_bbox: 0.0496, loss_mask: 0.1645, loss: 0.3364
2022-05-24 08:34:50,153 - INFO - Epoch [10][60/135]	lr: 0.01000, eta: 0:30:51, time: 0.992, data_time: 0.039, memory: 7231, loss_rpn_cls: 0.0201, loss_rpn_bbox: 0.0301, loss_cls: 0.0573, acc: 98.0078, loss_bbox: 0.0336, loss_mask: 0.1733, loss: 0.3144
2022-05-24 08:35:09,184 - INFO - Epoch [10][80/135]	lr: 0.01000, eta: 0:30:33, time: 0.952, data_time: 0.076, memory: 7231, loss_rpn_cls: 0.0243, loss_rpn_bbox: 0.0496, loss_cls: 0.0806, acc: 97.3145, loss_bbox: 0.0529, loss_mask: 0.2089, loss: 0.4163
2022-05-24 08:35:31,102 - INFO - Epoch [10][100/135]	lr: 0.01000, eta: 0:30:18, time: 1.095, data_time: 0.041, memory: 7231, loss_rpn_cls: 0.0288, loss_rpn_bbox: 0.0493, loss_cls: 0.0833, acc: 96.7969, loss_bbox: 0.0628, loss_mask: 0.1623, loss: 0.3866
2022-05-24 08:35:51,619 - INFO - Epoch [10][120/135]	lr: 0.01000, eta: 0:30:02, time: 1.026, data_time: 0.046, memory: 7231, loss_rpn_cls: 0.0273, loss_rpn_bbox: 0.0380, loss_cls: 0.0734, acc: 97.5488, loss_bbox: 0.0506, loss_mask: 0.1886, loss: 0.3778
2022-05-24 08:39:05,259 - INFO - Epoch [10][135/135]	lr: 0.01000, bbox_mAP: 0.0720, bbox_mAP_50: 0.2230, bbox_mAP_75: 0.0270, bbox_mAP_s: -1.0000, bbox_mAP_m: 0.0040, bbox_mAP_l: 0.0750, bbox_mAP_copypaste: 0.072 0.223 0.027 -1.000 0.004 0.075, segm_mAP: 0.0930, segm_mAP_50: 0.2770, segm_mAP_75: 0.0330, segm_mAP_s: -1.0000, segm_mAP_m: 0.0030, segm_mAP_l: 0.0990, segm_mAP_copypaste: 0.093 0.277 0.033 -1.000 0.003 0.099
2022-05-24 08:39:30,186 - INFO - Epoch [11][20/135]	lr: 0.01000, eta: 0:29:18, time: 1.245, data_time: 0.301, memory: 7231, loss_rpn_cls: 0.0171, loss_rpn_bbox: 0.0254, loss_cls: 0.0789, acc: 97.0508, loss_bbox: 0.0529, loss_mask: 0.1782, loss: 0.3525
2022-05-24 08:39:48,845 - INFO - Epoch [11][40/135]	lr: 0.01000, eta: 0:28:59, time: 0.933, data_time: 0.062, memory: 7231, loss_rpn_cls: 0.0193, loss_rpn_bbox: 0.0390, loss_cls: 0.0785, acc: 97.0703, loss_bbox: 0.0514, loss_mask: 0.2103, loss: 0.3985
2022-05-24 08:40:08,445 - INFO - Epoch [11][60/135]	lr: 0.01000, eta: 0:28:41, time: 0.980, data_time: 0.124, memory: 7231, loss_rpn_cls: 0.0156, loss_rpn_bbox: 0.0280, loss_cls: 0.0706, acc: 97.1191, loss_bbox: 0.0491, loss_mask: 0.1258, loss: 0.2890
2022-05-24 08:40:27,035 - INFO - Epoch [11][80/135]	lr: 0.01000, eta: 0:28:22, time: 0.929, data_time: 0.041, memory: 7231, loss_rpn_cls: 0.0211, loss_rpn_bbox: 0.0283, loss_cls: 0.0883, acc: 96.5918, loss_bbox: 0.0615, loss_mask: 0.1557, loss: 0.3549
2022-05-24 08:40:47,489 - INFO - Epoch [11][100/135]	lr: 0.01000, eta: 0:28:05, time: 1.023, data_time: 0.036, memory: 7231, loss_rpn_cls: 0.0171, loss_rpn_bbox: 0.0304, loss_cls: 0.0732, acc: 97.2559, loss_bbox: 0.0493, loss_mask: 0.1618, loss: 0.3319
2022-05-24 08:41:06,188 - INFO - Epoch [11][120/135]	lr: 0.01000, eta: 0:27:46, time: 0.934, data_time: 0.037, memory: 7231, loss_rpn_cls: 0.0193, loss_rpn_bbox: 0.0435, loss_cls: 0.0806, acc: 96.9531, loss_bbox: 0.0614, loss_mask: 0.1930, loss: 0.3978
2022-05-24 08:41:45,352 - INFO - Epoch [12][20/135]	lr: 0.01000, eta: 0:27:02, time: 1.193, data_time: 0.199, memory: 7231, loss_rpn_cls: 0.0197, loss_rpn_bbox: 0.0475, loss_cls: 0.0899, acc: 96.6992, loss_bbox: 0.0676, loss_mask: 0.2074, loss: 0.4322
2022-05-24 08:42:05,669 - INFO - Epoch [12][40/135]	lr: 0.01000, eta: 0:26:46, time: 1.016, data_time: 0.165, memory: 7231, loss_rpn_cls: 0.0199, loss_rpn_bbox: 0.0277, loss_cls: 0.0874, acc: 96.7285, loss_bbox: 0.0598, loss_mask: 0.2354, loss: 0.4303
2022-05-24 08:42:26,533 - INFO - Epoch [12][60/135]	lr: 0.01000, eta: 0:26:29, time: 1.043, data_time: 0.140, memory: 7231, loss_rpn_cls: 0.0192, loss_rpn_bbox: 0.0310, loss_cls: 0.0721, acc: 97.3633, loss_bbox: 0.0525, loss_mask: 0.1802, loss: 0.3550
2022-05-24 08:42:45,017 - INFO - Epoch [12][80/135]	lr: 0.01000, eta: 0:26:10, time: 0.925, data_time: 0.039, memory: 7231, loss_rpn_cls: 0.0219, loss_rpn_bbox: 0.0402, loss_cls: 0.0842, acc: 97.0898, loss_bbox: 0.0549, loss_mask: 0.1856, loss: 0.3868
2022-05-24 08:43:04,703 - INFO - Epoch [12][100/135]	lr: 0.01000, eta: 0:25:52, time: 0.984, data_time: 0.034, memory: 7231, loss_rpn_cls: 0.0150, loss_rpn_bbox: 0.0314, loss_cls: 0.0801, acc: 96.9238, loss_bbox: 0.0516, loss_mask: 0.1483, loss: 0.3263
2022-05-24 08:43:25,148 - INFO - Epoch [12][120/135]	lr: 0.01000, eta: 0:25:35, time: 1.022, data_time: 0.158, memory: 7231, loss_rpn_cls: 0.0219, loss_rpn_bbox: 0.0286, loss_cls: 0.0869, acc: 97.0020, loss_bbox: 0.0523, loss_mask: 0.1970, loss: 0.3867
2022-05-24 08:46:54,515 - INFO - Epoch [12][135/135]	lr: 0.01000, bbox_mAP: 0.1200, bbox_mAP_50: 0.3280, bbox_mAP_75: 0.0580, bbox_mAP_s: -1.0000, bbox_mAP_m: 0.0020, bbox_mAP_l: 0.1240, bbox_mAP_copypaste: 0.120 0.328 0.058 -1.000 0.002 0.124, segm_mAP: 0.1310, segm_mAP_50: 0.3700, segm_mAP_75: 0.0500, segm_mAP_s: -1.0000, segm_mAP_m: 0.0030, segm_mAP_l: 0.1370, segm_mAP_copypaste: 0.131 0.370 0.050 -1.000 0.003 0.137
2022-05-24 08:47:18,075 - INFO - Epoch [13][20/135]	lr: 0.01000, eta: 0:24:53, time: 1.177, data_time: 0.214, memory: 7231, loss_rpn_cls: 0.0223, loss_rpn_bbox: 0.0344, loss_cls: 0.0910, acc: 97.1094, loss_bbox: 0.0533, loss_mask: 0.1750, loss: 0.3760
2022-05-24 08:47:38,006 - INFO - Epoch [13][40/135]	lr: 0.01000, eta: 0:24:36, time: 0.997, data_time: 0.053, memory: 7231, loss_rpn_cls: 0.0193, loss_rpn_bbox: 0.0335, loss_cls: 0.0733, acc: 97.1582, loss_bbox: 0.0522, loss_mask: 0.1943, loss: 0.3727
2022-05-24 08:47:59,129 - INFO - Epoch [13][60/135]	lr: 0.01000, eta: 0:24:19, time: 1.056, data_time: 0.103, memory: 7231, loss_rpn_cls: 0.0248, loss_rpn_bbox: 0.0268, loss_cls: 0.0856, acc: 96.8457, loss_bbox: 0.0580, loss_mask: 0.1469, loss: 0.3421
2022-05-24 08:48:18,473 - INFO - Epoch [13][80/135]	lr: 0.01000, eta: 0:24:01, time: 0.967, data_time: 0.056, memory: 7231, loss_rpn_cls: 0.0186, loss_rpn_bbox: 0.0306, loss_cls: 0.0590, acc: 97.8613, loss_bbox: 0.0390, loss_mask: 0.1755, loss: 0.3227
2022-05-24 08:48:39,070 - INFO - Epoch [13][100/135]	lr: 0.01000, eta: 0:23:44, time: 1.030, data_time: 0.144, memory: 7231, loss_rpn_cls: 0.0163, loss_rpn_bbox: 0.0410, loss_cls: 0.0928, acc: 96.0645, loss_bbox: 0.0729, loss_mask: 0.1585, loss: 0.3816
2022-05-24 08:49:00,046 - INFO - Epoch [13][120/135]	lr: 0.01000, eta: 0:23:27, time: 1.049, data_time: 0.034, memory: 7231, loss_rpn_cls: 0.0142, loss_rpn_bbox: 0.0297, loss_cls: 0.0792, acc: 97.2559, loss_bbox: 0.0436, loss_mask: 0.1549, loss: 0.3217
2022-05-24 08:49:38,643 - INFO - Epoch [14][20/135]	lr: 0.01000, eta: 0:22:48, time: 1.219, data_time: 0.262, memory: 7231, loss_rpn_cls: 0.0194, loss_rpn_bbox: 0.0299, loss_cls: 0.0919, acc: 96.3867, loss_bbox: 0.0672, loss_mask: 0.1710, loss: 0.3795
2022-05-24 08:49:58,908 - INFO - Epoch [14][40/135]	lr: 0.01000, eta: 0:22:30, time: 1.014, data_time: 0.106, memory: 7231, loss_rpn_cls: 0.0179, loss_rpn_bbox: 0.0350, loss_cls: 0.0711, acc: 97.0508, loss_bbox: 0.0538, loss_mask: 0.1468, loss: 0.3246
2022-05-24 08:50:19,270 - INFO - Epoch [14][60/135]	lr: 0.01000, eta: 0:22:13, time: 1.018, data_time: 0.113, memory: 7231, loss_rpn_cls: 0.0151, loss_rpn_bbox: 0.0495, loss_cls: 0.0923, acc: 96.4941, loss_bbox: 0.0645, loss_mask: 0.1460, loss: 0.3674
2022-05-24 08:50:39,543 - INFO - Epoch [14][80/135]	lr: 0.01000, eta: 0:21:55, time: 1.014, data_time: 0.114, memory: 7231, loss_rpn_cls: 0.0200, loss_rpn_bbox: 0.0338, loss_cls: 0.0906, acc: 96.4355, loss_bbox: 0.0649, loss_mask: 0.1508, loss: 0.3601
2022-05-24 08:50:59,402 - INFO - Epoch [14][100/135]	lr: 0.01000, eta: 0:21:37, time: 0.993, data_time: 0.043, memory: 7231, loss_rpn_cls: 0.0243, loss_rpn_bbox: 0.0286, loss_cls: 0.0639, acc: 97.8320, loss_bbox: 0.0412, loss_mask: 0.1704, loss: 0.3284
2022-05-24 08:51:19,223 - INFO - Epoch [14][120/135]	lr: 0.01000, eta: 0:21:19, time: 0.991, data_time: 0.041, memory: 7231, loss_rpn_cls: 0.0155, loss_rpn_bbox: 0.0273, loss_cls: 0.0663, acc: 97.3047, loss_bbox: 0.0511, loss_mask: 0.1501, loss: 0.3104
2022-05-24 08:54:40,673 - INFO - Epoch [14][135/135]	lr: 0.01000, bbox_mAP: 0.1510, bbox_mAP_50: 0.3750, bbox_mAP_75: 0.0880, bbox_mAP_s: -1.0000, bbox_mAP_m: 0.0090, bbox_mAP_l: 0.1550, bbox_mAP_copypaste: 0.151 0.375 0.088 -1.000 0.009 0.155, segm_mAP: 0.1350, segm_mAP_50: 0.3720, segm_mAP_75: 0.0610, segm_mAP_s: -1.0000, segm_mAP_m: 0.0090, segm_mAP_l: 0.1400, segm_mAP_copypaste: 0.135 0.372 0.061 -1.000 0.009 0.140
2022-05-24 08:55:05,212 - INFO - Epoch [15][20/135]	lr: 0.01000, eta: 0:20:41, time: 1.226, data_time: 0.214, memory: 7231, loss_rpn_cls: 0.0223, loss_rpn_bbox: 0.0250, loss_cls: 0.0855, acc: 96.8164, loss_bbox: 0.0575, loss_mask: 0.1286, loss: 0.3189
2022-05-24 08:55:27,407 - INFO - Epoch [15][40/135]	lr: 0.01000, eta: 0:20:25, time: 1.110, data_time: 0.066, memory: 7231, loss_rpn_cls: 0.0164, loss_rpn_bbox: 0.0281, loss_cls: 0.0681, acc: 97.2168, loss_bbox: 0.0556, loss_mask: 0.1498, loss: 0.3179
2022-05-24 08:55:47,669 - INFO - Epoch [15][60/135]	lr: 0.01000, eta: 0:20:07, time: 1.013, data_time: 0.051, memory: 7231, loss_rpn_cls: 0.0091, loss_rpn_bbox: 0.0148, loss_cls: 0.0502, acc: 97.9395, loss_bbox: 0.0312, loss_mask: 0.1156, loss: 0.2209
2022-05-24 08:56:06,565 - INFO - Epoch [15][80/135]	lr: 0.01000, eta: 0:19:48, time: 0.945, data_time: 0.059, memory: 7231, loss_rpn_cls: 0.0150, loss_rpn_bbox: 0.0290, loss_cls: 0.0866, acc: 96.4258, loss_bbox: 0.0602, loss_mask: 0.1776, loss: 0.3683
2022-05-24 08:56:26,216 - INFO - Epoch [15][100/135]	lr: 0.01000, eta: 0:19:30, time: 0.982, data_time: 0.044, memory: 7231, loss_rpn_cls: 0.0115, loss_rpn_bbox: 0.0280, loss_cls: 0.0739, acc: 96.9727, loss_bbox: 0.0601, loss_mask: 0.1412, loss: 0.3146
2022-05-24 08:56:45,937 - INFO - Epoch [15][120/135]	lr: 0.01000, eta: 0:19:12, time: 0.986, data_time: 0.064, memory: 7231, loss_rpn_cls: 0.0190, loss_rpn_bbox: 0.0294, loss_cls: 0.0886, acc: 96.3770, loss_bbox: 0.0663, loss_mask: 0.1436, loss: 0.3469
2022-05-24 08:57:25,601 - INFO - Epoch [16][20/135]	lr: 0.01000, eta: 0:18:34, time: 1.217, data_time: 0.271, memory: 7231, loss_rpn_cls: 0.0164, loss_rpn_bbox: 0.0265, loss_cls: 0.0770, acc: 96.9629, loss_bbox: 0.0501, loss_mask: 0.1288, loss: 0.2988
2022-05-24 08:57:45,046 - INFO - Epoch [16][40/135]	lr: 0.01000, eta: 0:18:16, time: 0.972, data_time: 0.085, memory: 7231, loss_rpn_cls: 0.0228, loss_rpn_bbox: 0.0384, loss_cls: 0.1187, acc: 95.5469, loss_bbox: 0.0818, loss_mask: 0.1525, loss: 0.4143
2022-05-24 08:58:04,318 - INFO - Epoch [16][60/135]	lr: 0.01000, eta: 0:17:58, time: 0.964, data_time: 0.043, memory: 7231, loss_rpn_cls: 0.0169, loss_rpn_bbox: 0.0357, loss_cls: 0.0818, acc: 97.1289, loss_bbox: 0.0561, loss_mask: 0.1646, loss: 0.3551
2022-05-24 08:58:23,939 - INFO - Epoch [16][80/135]	lr: 0.01000, eta: 0:17:40, time: 0.981, data_time: 0.037, memory: 7231, loss_rpn_cls: 0.0125, loss_rpn_bbox: 0.0310, loss_cls: 0.0821, acc: 96.7480, loss_bbox: 0.0513, loss_mask: 0.1981, loss: 0.3749
2022-05-24 08:58:43,339 - INFO - Epoch [16][100/135]	lr: 0.01000, eta: 0:17:21, time: 0.970, data_time: 0.048, memory: 7231, loss_rpn_cls: 0.0121, loss_rpn_bbox: 0.0362, loss_cls: 0.0866, acc: 96.5332, loss_bbox: 0.0637, loss_mask: 0.1234, loss: 0.3220
2022-05-24 08:59:05,418 - INFO - Epoch [16][120/135]	lr: 0.01000, eta: 0:17:04, time: 1.104, data_time: 0.158, memory: 7231, loss_rpn_cls: 0.0135, loss_rpn_bbox: 0.0237, loss_cls: 0.0722, acc: 97.1875, loss_bbox: 0.0506, loss_mask: 0.1715, loss: 0.3316
2022-05-24 09:03:52,718 - INFO - Epoch [16][135/135]	lr: 0.01000, bbox_mAP: 0.1550, bbox_mAP_50: 0.3790, bbox_mAP_75: 0.0970, bbox_mAP_s: -1.0000, bbox_mAP_m: 0.0040, bbox_mAP_l: 0.1610, bbox_mAP_copypaste: 0.155 0.379 0.097 -1.000 0.004 0.161, segm_mAP: 0.1440, segm_mAP_50: 0.3930, segm_mAP_75: 0.0660, segm_mAP_s: -1.0000, segm_mAP_m: 0.0020, segm_mAP_l: 0.1540, segm_mAP_copypaste: 0.144 0.393 0.066 -1.000 0.002 0.154
2022-05-24 09:04:16,151 - INFO - Epoch [17][20/135]	lr: 0.00100, eta: 0:16:27, time: 1.171, data_time: 0.274, memory: 7231, loss_rpn_cls: 0.0136, loss_rpn_bbox: 0.0186, loss_cls: 0.0671, acc: 97.3145, loss_bbox: 0.0338, loss_mask: 0.1104, loss: 0.2435
2022-05-24 09:04:37,544 - INFO - Epoch [17][40/135]	lr: 0.00100, eta: 0:16:10, time: 1.070, data_time: 0.051, memory: 7231, loss_rpn_cls: 0.0305, loss_rpn_bbox: 0.0457, loss_cls: 0.0779, acc: 97.2559, loss_bbox: 0.0504, loss_mask: 0.1885, loss: 0.3929
2022-05-24 09:04:56,880 - INFO - Epoch [17][60/135]	lr: 0.00100, eta: 0:15:51, time: 0.967, data_time: 0.048, memory: 7231, loss_rpn_cls: 0.0215, loss_rpn_bbox: 0.0306, loss_cls: 0.0646, acc: 97.5977, loss_bbox: 0.0461, loss_mask: 0.1134, loss: 0.2762
2022-05-24 09:05:16,087 - INFO - Epoch [17][80/135]	lr: 0.00100, eta: 0:15:33, time: 0.960, data_time: 0.041, memory: 7231, loss_rpn_cls: 0.0110, loss_rpn_bbox: 0.0178, loss_cls: 0.0712, acc: 97.1289, loss_bbox: 0.0491, loss_mask: 0.1344, loss: 0.2833
2022-05-24 09:05:36,918 - INFO - Epoch [17][100/135]	lr: 0.00100, eta: 0:15:15, time: 1.042, data_time: 0.079, memory: 7231, loss_rpn_cls: 0.0104, loss_rpn_bbox: 0.0188, loss_cls: 0.0570, acc: 97.8613, loss_bbox: 0.0337, loss_mask: 0.1010, loss: 0.2210
2022-05-24 09:05:56,723 - INFO - Epoch [17][120/135]	lr: 0.00100, eta: 0:14:57, time: 0.990, data_time: 0.067, memory: 7231, loss_rpn_cls: 0.0094, loss_rpn_bbox: 0.0225, loss_cls: 0.0558, acc: 97.8516, loss_bbox: 0.0453, loss_mask: 0.1361, loss: 0.2691
2022-05-24 09:06:35,542 - INFO - Epoch [18][20/135]	lr: 0.00100, eta: 0:14:21, time: 1.199, data_time: 0.234, memory: 7231, loss_rpn_cls: 0.0172, loss_rpn_bbox: 0.0360, loss_cls: 0.0790, acc: 96.6992, loss_bbox: 0.0619, loss_mask: 0.1322, loss: 0.3264
2022-05-24 09:06:55,874 - INFO - Epoch [18][40/135]	lr: 0.00100, eta: 0:14:03, time: 1.017, data_time: 0.061, memory: 7231, loss_rpn_cls: 0.0176, loss_rpn_bbox: 0.0190, loss_cls: 0.0572, acc: 97.7637, loss_bbox: 0.0426, loss_mask: 0.1401, loss: 0.2765
2022-05-24 09:07:15,733 - INFO - Epoch [18][60/135]	lr: 0.00100, eta: 0:13:45, time: 0.992, data_time: 0.049, memory: 7231, loss_rpn_cls: 0.0146, loss_rpn_bbox: 0.0333, loss_cls: 0.0652, acc: 97.2559, loss_bbox: 0.0489, loss_mask: 0.1229, loss: 0.2849
2022-05-24 09:07:42,073 - INFO - Epoch [18][80/135]	lr: 0.00100, eta: 0:13:29, time: 1.318, data_time: 0.074, memory: 7231, loss_rpn_cls: 0.0145, loss_rpn_bbox: 0.0311, loss_cls: 0.0563, acc: 97.6367, loss_bbox: 0.0433, loss_mask: 0.1335, loss: 0.2787
2022-05-24 09:08:00,183 - INFO - Epoch [18][100/135]	lr: 0.00100, eta: 0:13:10, time: 0.905, data_time: 0.063, memory: 7231, loss_rpn_cls: 0.0150, loss_rpn_bbox: 0.0290, loss_cls: 0.0694, acc: 97.0996, loss_bbox: 0.0519, loss_mask: 0.1218, loss: 0.2870
2022-05-24 09:08:20,980 - INFO - Epoch [18][120/135]	lr: 0.00100, eta: 0:12:52, time: 1.040, data_time: 0.070, memory: 7231, loss_rpn_cls: 0.0187, loss_rpn_bbox: 0.0235, loss_cls: 0.0831, acc: 96.8555, loss_bbox: 0.0564, loss_mask: 0.1354, loss: 0.3172
2022-05-24 09:11:58,468 - INFO - Epoch [18][135/135]	lr: 0.00100, bbox_mAP: 0.2010, bbox_mAP_50: 0.4600, bbox_mAP_75: 0.1520, bbox_mAP_s: -1.0000, bbox_mAP_m: 0.0170, bbox_mAP_l: 0.2070, bbox_mAP_copypaste: 0.201 0.460 0.152 -1.000 0.017 0.207, segm_mAP: 0.1940, segm_mAP_50: 0.4760, segm_mAP_75: 0.1190, segm_mAP_s: -1.0000, segm_mAP_m: 0.0110, segm_mAP_l: 0.2030, segm_mAP_copypaste: 0.194 0.476 0.119 -1.000 0.011 0.203
2022-05-24 09:12:22,777 - INFO - Epoch [19][20/135]	lr: 0.00100, eta: 0:12:16, time: 1.214, data_time: 0.268, memory: 7231, loss_rpn_cls: 0.0145, loss_rpn_bbox: 0.0331, loss_cls: 0.0710, acc: 97.1777, loss_bbox: 0.0563, loss_mask: 0.0954, loss: 0.2704
2022-05-24 09:12:41,716 - INFO - Epoch [19][40/135]	lr: 0.00100, eta: 0:11:58, time: 0.947, data_time: 0.047, memory: 7231, loss_rpn_cls: 0.0121, loss_rpn_bbox: 0.0357, loss_cls: 0.0877, acc: 96.3086, loss_bbox: 0.0633, loss_mask: 0.1299, loss: 0.3287
2022-05-24 09:13:02,211 - INFO - Epoch [19][60/135]	lr: 0.00100, eta: 0:11:40, time: 1.025, data_time: 0.075, memory: 7231, loss_rpn_cls: 0.0176, loss_rpn_bbox: 0.0386, loss_cls: 0.0776, acc: 96.7676, loss_bbox: 0.0576, loss_mask: 0.1110, loss: 0.3024
2022-05-24 09:13:24,608 - INFO - Epoch [19][80/135]	lr: 0.00100, eta: 0:11:22, time: 1.120, data_time: 0.052, memory: 7231, loss_rpn_cls: 0.0219, loss_rpn_bbox: 0.0489, loss_cls: 0.0914, acc: 96.1328, loss_bbox: 0.0733, loss_mask: 0.1743, loss: 0.4097
2022-05-24 09:13:46,040 - INFO - Epoch [19][100/135]	lr: 0.00100, eta: 0:11:04, time: 1.072, data_time: 0.045, memory: 7231, loss_rpn_cls: 0.0120, loss_rpn_bbox: 0.0246, loss_cls: 0.0775, acc: 96.7676, loss_bbox: 0.0552, loss_mask: 0.1182, loss: 0.2875
2022-05-24 09:14:08,198 - INFO - Epoch [19][120/135]	lr: 0.00100, eta: 0:10:46, time: 1.108, data_time: 0.045, memory: 7231, loss_rpn_cls: 0.0136, loss_rpn_bbox: 0.0288, loss_cls: 0.0596, acc: 97.6562, loss_bbox: 0.0413, loss_mask: 0.1201, loss: 0.2634
2022-05-24 09:14:48,712 - INFO - Epoch [20][20/135]	lr: 0.00100, eta: 0:10:12, time: 1.296, data_time: 0.190, memory: 7231, loss_rpn_cls: 0.0162, loss_rpn_bbox: 0.0261, loss_cls: 0.0756, acc: 96.8750, loss_bbox: 0.0547, loss_mask: 0.1235, loss: 0.2961
2022-05-24 09:15:09,790 - INFO - Epoch [20][40/135]	lr: 0.00100, eta: 0:09:54, time: 1.054, data_time: 0.044, memory: 7231, loss_rpn_cls: 0.0136, loss_rpn_bbox: 0.0300, loss_cls: 0.0811, acc: 96.6699, loss_bbox: 0.0607, loss_mask: 0.1732, loss: 0.3586
2022-05-24 09:15:30,295 - INFO - Epoch [20][60/135]	lr: 0.00100, eta: 0:09:35, time: 1.025, data_time: 0.034, memory: 7231, loss_rpn_cls: 0.0084, loss_rpn_bbox: 0.0156, loss_cls: 0.0551, acc: 97.7832, loss_bbox: 0.0384, loss_mask: 0.1210, loss: 0.2385
2022-05-24 09:15:50,282 - INFO - Epoch [20][80/135]	lr: 0.00100, eta: 0:09:17, time: 0.999, data_time: 0.059, memory: 7231, loss_rpn_cls: 0.0157, loss_rpn_bbox: 0.0301, loss_cls: 0.0844, acc: 96.6602, loss_bbox: 0.0646, loss_mask: 0.1592, loss: 0.3540
2022-05-24 09:16:09,662 - INFO - Epoch [20][100/135]	lr: 0.00100, eta: 0:08:58, time: 0.969, data_time: 0.056, memory: 7231, loss_rpn_cls: 0.0112, loss_rpn_bbox: 0.0229, loss_cls: 0.0622, acc: 97.5000, loss_bbox: 0.0461, loss_mask: 0.1079, loss: 0.2502
2022-05-24 09:16:28,649 - INFO - Epoch [20][120/135]	lr: 0.00100, eta: 0:08:40, time: 0.950, data_time: 0.059, memory: 7231, loss_rpn_cls: 0.0101, loss_rpn_bbox: 0.0213, loss_cls: 0.0767, acc: 96.9727, loss_bbox: 0.0441, loss_mask: 0.0901, loss: 0.2423
2022-05-24 09:19:54,294 - INFO - Epoch [20][135/135]	lr: 0.00100, bbox_mAP: 0.2170, bbox_mAP_50: 0.4890, bbox_mAP_75: 0.1650, bbox_mAP_s: -1.0000, bbox_mAP_m: 0.0240, bbox_mAP_l: 0.2220, bbox_mAP_copypaste: 0.217 0.489 0.165 -1.000 0.024 0.222, segm_mAP: 0.2080, segm_mAP_50: 0.4990, segm_mAP_75: 0.1310, segm_mAP_s: -1.0000, segm_mAP_m: 0.0140, segm_mAP_l: 0.2180, segm_mAP_copypaste: 0.208 0.499 0.131 -1.000 0.014 0.218
2022-05-24 09:20:19,331 - INFO - Epoch [21][20/135]	lr: 0.00100, eta: 0:08:05, time: 1.251, data_time: 0.409, memory: 7231, loss_rpn_cls: 0.0242, loss_rpn_bbox: 0.0337, loss_cls: 0.0667, acc: 97.1777, loss_bbox: 0.0523, loss_mask: 0.1509, loss: 0.3278
2022-05-24 09:20:40,170 - INFO - Epoch [21][40/135]	lr: 0.00100, eta: 0:07:47, time: 1.042, data_time: 0.051, memory: 7231, loss_rpn_cls: 0.0083, loss_rpn_bbox: 0.0292, loss_cls: 0.0544, acc: 97.8711, loss_bbox: 0.0412, loss_mask: 0.1272, loss: 0.2603
2022-05-24 09:21:02,072 - INFO - Epoch [21][60/135]	lr: 0.00100, eta: 0:07:29, time: 1.095, data_time: 0.043, memory: 7231, loss_rpn_cls: 0.0085, loss_rpn_bbox: 0.0310, loss_cls: 0.0770, acc: 96.7871, loss_bbox: 0.0573, loss_mask: 0.1144, loss: 0.2882
2022-05-24 09:21:22,179 - INFO - Epoch [21][80/135]	lr: 0.00100, eta: 0:07:10, time: 1.005, data_time: 0.037, memory: 7231, loss_rpn_cls: 0.0232, loss_rpn_bbox: 0.0358, loss_cls: 0.0652, acc: 97.5879, loss_bbox: 0.0424, loss_mask: 0.1116, loss: 0.2781
2022-05-24 09:21:41,682 - INFO - Epoch [21][100/135]	lr: 0.00100, eta: 0:06:52, time: 0.976, data_time: 0.066, memory: 7231, loss_rpn_cls: 0.0156, loss_rpn_bbox: 0.0396, loss_cls: 0.0803, acc: 96.5918, loss_bbox: 0.0640, loss_mask: 0.1583, loss: 0.3579
2022-05-24 09:22:01,854 - INFO - Epoch [21][120/135]	lr: 0.00100, eta: 0:06:33, time: 1.008, data_time: 0.131, memory: 7231, loss_rpn_cls: 0.0118, loss_rpn_bbox: 0.0262, loss_cls: 0.0662, acc: 97.2461, loss_bbox: 0.0499, loss_mask: 0.1282, loss: 0.2825
2022-05-24 09:22:41,061 - INFO - Epoch [22][20/135]	lr: 0.00100, eta: 0:05:59, time: 1.211, data_time: 0.225, memory: 7231, loss_rpn_cls: 0.0120, loss_rpn_bbox: 0.0209, loss_cls: 0.0671, acc: 97.2363, loss_bbox: 0.0538, loss_mask: 0.1092, loss: 0.2630
2022-05-24 09:23:01,138 - INFO - Epoch [22][40/135]	lr: 0.00100, eta: 0:05:41, time: 1.004, data_time: 0.040, memory: 7231, loss_rpn_cls: 0.0115, loss_rpn_bbox: 0.0309, loss_cls: 0.0698, acc: 97.1777, loss_bbox: 0.0491, loss_mask: 0.1544, loss: 0.3158
2022-05-24 09:23:22,598 - INFO - Epoch [22][60/135]	lr: 0.00100, eta: 0:05:22, time: 1.073, data_time: 0.103, memory: 7231, loss_rpn_cls: 0.0071, loss_rpn_bbox: 0.0178, loss_cls: 0.0524, acc: 97.7539, loss_bbox: 0.0320, loss_mask: 0.1095, loss: 0.2188
2022-05-24 09:23:42,165 - INFO - Epoch [22][80/135]	lr: 0.00100, eta: 0:05:04, time: 0.979, data_time: 0.043, memory: 7231, loss_rpn_cls: 0.0097, loss_rpn_bbox: 0.0220, loss_cls: 0.0705, acc: 97.0898, loss_bbox: 0.0582, loss_mask: 0.0945, loss: 0.2549
2022-05-24 09:24:02,984 - INFO - Epoch [22][100/135]	lr: 0.00100, eta: 0:04:45, time: 1.041, data_time: 0.081, memory: 7231, loss_rpn_cls: 0.0133, loss_rpn_bbox: 0.0228, loss_cls: 0.0754, acc: 97.0410, loss_bbox: 0.0516, loss_mask: 0.1879, loss: 0.3509
2022-05-24 09:24:23,444 - INFO - Epoch [22][120/135]	lr: 0.00100, eta: 0:04:27, time: 1.023, data_time: 0.034, memory: 7231, loss_rpn_cls: 0.0126, loss_rpn_bbox: 0.0175, loss_cls: 0.0572, acc: 97.6074, loss_bbox: 0.0411, loss_mask: 0.1202, loss: 0.2487
2022-05-24 09:28:08,133 - INFO - Epoch [22][135/135]	lr: 0.00100, bbox_mAP: 0.2180, bbox_mAP_50: 0.4840, bbox_mAP_75: 0.1750, bbox_mAP_s: -1.0000, bbox_mAP_m: 0.0350, bbox_mAP_l: 0.2240, bbox_mAP_copypaste: 0.218 0.484 0.175 -1.000 0.035 0.224, segm_mAP: 0.2040, segm_mAP_50: 0.4940, segm_mAP_75: 0.1250, segm_mAP_s: -1.0000, segm_mAP_m: 0.0190, segm_mAP_l: 0.2140, segm_mAP_copypaste: 0.204 0.494 0.125 -1.000 0.019 0.214
2022-05-24 09:28:32,190 - INFO - Epoch [23][20/135]	lr: 0.00010, eta: 0:03:53, time: 1.202, data_time: 0.234, memory: 7231, loss_rpn_cls: 0.0134, loss_rpn_bbox: 0.0311, loss_cls: 0.0854, acc: 96.7676, loss_bbox: 0.0553, loss_mask: 0.1348, loss: 0.3199
2022-05-24 09:28:53,704 - INFO - Epoch [23][40/135]	lr: 0.00010, eta: 0:03:35, time: 1.076, data_time: 0.063, memory: 7231, loss_rpn_cls: 0.0159, loss_rpn_bbox: 0.0431, loss_cls: 0.0933, acc: 96.1328, loss_bbox: 0.0791, loss_mask: 0.1326, loss: 0.3640
2022-05-24 09:29:12,527 - INFO - Epoch [23][60/135]	lr: 0.00010, eta: 0:03:16, time: 0.941, data_time: 0.040, memory: 7231, loss_rpn_cls: 0.0149, loss_rpn_bbox: 0.0502, loss_cls: 0.0657, acc: 97.2266, loss_bbox: 0.0455, loss_mask: 0.1339, loss: 0.3101
2022-05-24 09:29:31,358 - INFO - Epoch [23][80/135]	lr: 0.00010, eta: 0:02:57, time: 0.942, data_time: 0.050, memory: 7231, loss_rpn_cls: 0.0145, loss_rpn_bbox: 0.0349, loss_cls: 0.0866, acc: 96.4160, loss_bbox: 0.0700, loss_mask: 0.1346, loss: 0.3406
2022-05-24 09:29:51,261 - INFO - Epoch [23][100/135]	lr: 0.00010, eta: 0:02:39, time: 0.995, data_time: 0.046, memory: 7231, loss_rpn_cls: 0.0084, loss_rpn_bbox: 0.0214, loss_cls: 0.0676, acc: 97.2852, loss_bbox: 0.0442, loss_mask: 0.0984, loss: 0.2400
2022-05-24 09:30:11,957 - INFO - Epoch [23][120/135]	lr: 0.00010, eta: 0:02:20, time: 1.035, data_time: 0.109, memory: 7231, loss_rpn_cls: 0.0143, loss_rpn_bbox: 0.0316, loss_cls: 0.0542, acc: 97.5293, loss_bbox: 0.0424, loss_mask: 0.1344, loss: 0.2769
2022-05-24 09:30:54,590 - INFO - Epoch [24][20/135]	lr: 0.00010, eta: 0:01:47, time: 1.314, data_time: 0.198, memory: 7231, loss_rpn_cls: 0.0119, loss_rpn_bbox: 0.0371, loss_cls: 0.0683, acc: 97.2656, loss_bbox: 0.0456, loss_mask: 0.1899, loss: 0.3528
2022-05-24 09:31:15,318 - INFO - Epoch [24][40/135]	lr: 0.00010, eta: 0:01:28, time: 1.037, data_time: 0.069, memory: 7231, loss_rpn_cls: 0.0079, loss_rpn_bbox: 0.0185, loss_cls: 0.0700, acc: 97.2363, loss_bbox: 0.0483, loss_mask: 0.1461, loss: 0.2910
2022-05-24 09:31:35,069 - INFO - Epoch [24][60/135]	lr: 0.00010, eta: 0:01:10, time: 0.987, data_time: 0.064, memory: 7231, loss_rpn_cls: 0.0136, loss_rpn_bbox: 0.0282, loss_cls: 0.0641, acc: 97.4316, loss_bbox: 0.0538, loss_mask: 0.1278, loss: 0.2876
2022-05-24 09:31:57,026 - INFO - Epoch [24][80/135]	lr: 0.00010, eta: 0:00:51, time: 1.098, data_time: 0.090, memory: 7231, loss_rpn_cls: 0.0093, loss_rpn_bbox: 0.0260, loss_cls: 0.0549, acc: 97.8320, loss_bbox: 0.0441, loss_mask: 0.1307, loss: 0.2650
2022-05-24 09:32:17,520 - INFO - Epoch [24][100/135]	lr: 0.00010, eta: 0:00:32, time: 1.024, data_time: 0.078, memory: 7231, loss_rpn_cls: 0.0088, loss_rpn_bbox: 0.0219, loss_cls: 0.0737, acc: 96.9336, loss_bbox: 0.0578, loss_mask: 0.1570, loss: 0.3192
2022-05-24 09:32:39,365 - INFO - Epoch [24][120/135]	lr: 0.00010, eta: 0:00:14, time: 1.093, data_time: 0.110, memory: 7231, loss_rpn_cls: 0.0105, loss_rpn_bbox: 0.0220, loss_cls: 0.0656, acc: 97.1973, loss_bbox: 0.0439, loss_mask: 0.1285, loss: 0.2705
2022-05-24 09:36:04,467 - INFO - Epoch [24][135/135]	lr: 0.00010, bbox_mAP: 0.2200, bbox_mAP_50: 0.4910, bbox_mAP_75: 0.1750, bbox_mAP_s: -1.0000, bbox_mAP_m: 0.0380, bbox_mAP_l: 0.2260, bbox_mAP_copypaste: 0.220 0.491 0.175 -1.000 0.038 0.226, segm_mAP: 0.2080, segm_mAP_50: 0.5000, segm_mAP_75: 0.1280, segm_mAP_s: -1.0000, segm_mAP_m: 0.0180, segm_mAP_l: 0.2180, segm_mAP_copypaste: 0.208 0.500 0.128 -1.000 0.018 0.218
